2021-10-29 13:56:45.651  INFO 25188 --- [main] com.cqu.lxh.client.ClientApplicationA     : Starting ClientApplication using Java 11.0.6 on DESKTOP-VOT0E1P with PID 25188 (C:\Users\dell\Desktop\JAVA_qiyejiyingyong\experiments\Java_experiment1\lixinhao\client\target\classes started by dell in C:\Users\dell\Desktop\JAVA_qiyejiyingyong\experiments\Java_experiment1\lixinhao\client)
2021-10-29 13:56:45.655  INFO 25188 --- [main] com.cqu.lxh.client.ClientApplicationA     : No active profile set, falling back to default profiles: default
2021-10-29 13:56:46.239  WARN 25188 --- [main] ConfigServletWebServerApplicationContext : Exception encountered during context initialization - cancelling refresh attempt: org.springframework.context.ApplicationContextException: Unable to start web server; nested exception is org.springframework.context.ApplicationContextException: Unable to start ServletWebServerApplicationContext due to missing ServletWebServerFactory bean.
2021-10-29 13:56:46.247  INFO 25188 --- [main] ConditionEvaluationReportLoggingListener : 

Error starting ApplicationContext. To display the conditions report re-run your application with 'debug' enabled.
2021-10-29 13:56:46.267 ERROR 25188 --- [main] o.s.boot.SpringApplication               : Application run failed

org.springframework.context.ApplicationContextException: Unable to start web server; nested exception is org.springframework.context.ApplicationContextException: Unable to start ServletWebServerApplicationContext due to missing ServletWebServerFactory bean.
	at org.springframework.boot.web.servlet.context.ServletWebServerApplicationContext.onRefresh(ServletWebServerApplicationContext.java:163)
	at org.springframework.context.support.AbstractApplicationContext.refresh(AbstractApplicationContext.java:577)
	at org.springframework.boot.web.servlet.context.ServletWebServerApplicationContext.refresh(ServletWebServerApplicationContext.java:145)
	at org.springframework.boot.SpringApplication.refresh(SpringApplication.java:754)
	at org.springframework.boot.SpringApplication.refreshContext(SpringApplication.java:434)
	at org.springframework.boot.SpringApplication.run(SpringApplication.java:338)
	at org.springframework.boot.SpringApplication.run(SpringApplication.java:1343)
	at org.springframework.boot.SpringApplication.run(SpringApplication.java:1332)
	at com.cqu.lxh.client.ClientApplicationA.main(ClientApplication.java:10)
Caused by: org.springframework.context.ApplicationContextException: Unable to start ServletWebServerApplicationContext due to missing ServletWebServerFactory bean.
	at org.springframework.boot.web.servlet.context.ServletWebServerApplicationContext.getWebServerFactory(ServletWebServerApplicationContext.java:210)
	at org.springframework.boot.web.servlet.context.ServletWebServerApplicationContext.createWebServer(ServletWebServerApplicationContext.java:180)
	at org.springframework.boot.web.servlet.context.ServletWebServerApplicationContext.onRefresh(ServletWebServerApplicationContext.java:160)
	... 8 common frames omitted

2021-10-29 14:13:13.597  INFO 16524 --- [main] com.cqu.lxh.client.ClientApplicationA     : Starting ClientApplication using Java 11.0.6 on DESKTOP-VOT0E1P with PID 16524 (C:\Users\dell\Desktop\JAVA_qiyejiyingyong\experiments\Java_experiment1\lixinhao\clientA\target\classes started by dell in C:\Users\dell\Desktop\JAVA_qiyejiyingyong\experiments\Java_experiment1\lixinhao\clientA)
2021-10-29 14:13:13.600  INFO 16524 --- [main] com.cqu.lxh.client.ClientApplicationA     : No active profile set, falling back to default profiles: default
2021-10-29 14:13:14.415  WARN 16524 --- [main] ConfigServletWebServerApplicationContext : Exception encountered during context initialization - cancelling refresh attempt: org.springframework.context.ApplicationContextException: Unable to start web server; nested exception is org.springframework.context.ApplicationContextException: Unable to start ServletWebServerApplicationContext due to missing ServletWebServerFactory bean.
2021-10-29 14:13:14.430  INFO 16524 --- [main] ConditionEvaluationReportLoggingListener : 

Error starting ApplicationContext. To display the conditions report re-run your application with 'debug' enabled.
2021-10-29 14:13:14.450 ERROR 16524 --- [main] o.s.boot.SpringApplication               : Application run failed

org.springframework.context.ApplicationContextException: Unable to start web server; nested exception is org.springframework.context.ApplicationContextException: Unable to start ServletWebServerApplicationContext due to missing ServletWebServerFactory bean.
	at org.springframework.boot.web.servlet.context.ServletWebServerApplicationContext.onRefresh(ServletWebServerApplicationContext.java:163)
	at org.springframework.context.support.AbstractApplicationContext.refresh(AbstractApplicationContext.java:577)
	at org.springframework.boot.web.servlet.context.ServletWebServerApplicationContext.refresh(ServletWebServerApplicationContext.java:145)
	at org.springframework.boot.SpringApplication.refresh(SpringApplication.java:754)
	at org.springframework.boot.SpringApplication.refreshContext(SpringApplication.java:434)
	at org.springframework.boot.SpringApplication.run(SpringApplication.java:338)
	at org.springframework.boot.SpringApplication.run(SpringApplication.java:1343)
	at org.springframework.boot.SpringApplication.run(SpringApplication.java:1332)
	at com.cqu.lxh.client.ClientApplicationA.main(ClientApplication.java:10)
Caused by: org.springframework.context.ApplicationContextException: Unable to start ServletWebServerApplicationContext due to missing ServletWebServerFactory bean.
	at org.springframework.boot.web.servlet.context.ServletWebServerApplicationContext.getWebServerFactory(ServletWebServerApplicationContext.java:210)
	at org.springframework.boot.web.servlet.context.ServletWebServerApplicationContext.createWebServer(ServletWebServerApplicationContext.java:180)
	at org.springframework.boot.web.servlet.context.ServletWebServerApplicationContext.onRefresh(ServletWebServerApplicationContext.java:160)
	... 8 common frames omitted

2021-10-29 14:15:22.075  INFO 15828 --- [main] com.cqu.lxh.client.ClientApplicationA     : Starting ClientApplication using Java 11.0.6 on DESKTOP-VOT0E1P with PID 15828 (C:\Users\dell\Desktop\JAVA_qiyejiyingyong\experiments\Java_experiment1\lixinhao\clientA\target\classes started by dell in C:\Users\dell\Desktop\JAVA_qiyejiyingyong\experiments\Java_experiment1\lixinhao\clientA)
2021-10-29 14:15:22.080  INFO 15828 --- [main] com.cqu.lxh.client.ClientApplicationA     : No active profile set, falling back to default profiles: default
2021-10-29 14:15:22.630  WARN 15828 --- [main] ConfigServletWebServerApplicationContext : Exception encountered during context initialization - cancelling refresh attempt: org.springframework.context.ApplicationContextException: Unable to start web server; nested exception is org.springframework.context.ApplicationContextException: Unable to start ServletWebServerApplicationContext due to missing ServletWebServerFactory bean.
2021-10-29 14:15:22.635  INFO 15828 --- [main] ConditionEvaluationReportLoggingListener : 

Error starting ApplicationContext. To display the conditions report re-run your application with 'debug' enabled.
2021-10-29 14:15:22.655 ERROR 15828 --- [main] o.s.boot.SpringApplication               : Application run failed

org.springframework.context.ApplicationContextException: Unable to start web server; nested exception is org.springframework.context.ApplicationContextException: Unable to start ServletWebServerApplicationContext due to missing ServletWebServerFactory bean.
	at org.springframework.boot.web.servlet.context.ServletWebServerApplicationContext.onRefresh(ServletWebServerApplicationContext.java:163)
	at org.springframework.context.support.AbstractApplicationContext.refresh(AbstractApplicationContext.java:577)
	at org.springframework.boot.web.servlet.context.ServletWebServerApplicationContext.refresh(ServletWebServerApplicationContext.java:145)
	at org.springframework.boot.SpringApplication.refresh(SpringApplication.java:754)
	at org.springframework.boot.SpringApplication.refreshContext(SpringApplication.java:434)
	at org.springframework.boot.SpringApplication.run(SpringApplication.java:338)
	at org.springframework.boot.SpringApplication.run(SpringApplication.java:1343)
	at org.springframework.boot.SpringApplication.run(SpringApplication.java:1332)
	at com.cqu.lxh.client.ClientApplicationA.main(ClientApplication.java:10)
Caused by: org.springframework.context.ApplicationContextException: Unable to start ServletWebServerApplicationContext due to missing ServletWebServerFactory bean.
	at org.springframework.boot.web.servlet.context.ServletWebServerApplicationContext.getWebServerFactory(ServletWebServerApplicationContext.java:210)
	at org.springframework.boot.web.servlet.context.ServletWebServerApplicationContext.createWebServer(ServletWebServerApplicationContext.java:180)
	at org.springframework.boot.web.servlet.context.ServletWebServerApplicationContext.onRefresh(ServletWebServerApplicationContext.java:160)
	... 8 common frames omitted

2021-10-29 14:16:49.815  INFO 19316 --- [main] com.cqu.lxh.client.ClientApplicationA     : Starting ClientApplication using Java 11.0.6 on DESKTOP-VOT0E1P with PID 19316 (C:\Users\dell\Desktop\JAVA_qiyejiyingyong\experiments\Java_experiment1\lixinhao\clientA\target\classes started by dell in C:\Users\dell\Desktop\JAVA_qiyejiyingyong\experiments\Java_experiment1\lixinhao\clientA)
2021-10-29 14:16:49.820  INFO 19316 --- [main] com.cqu.lxh.client.ClientApplicationA     : No active profile set, falling back to default profiles: default
2021-10-29 14:16:50.365  WARN 19316 --- [main] ConfigServletWebServerApplicationContext : Exception encountered during context initialization - cancelling refresh attempt: org.springframework.context.ApplicationContextException: Unable to start web server; nested exception is org.springframework.context.ApplicationContextException: Unable to start ServletWebServerApplicationContext due to missing ServletWebServerFactory bean.
2021-10-29 14:16:50.375  INFO 19316 --- [main] ConditionEvaluationReportLoggingListener : 

Error starting ApplicationContext. To display the conditions report re-run your application with 'debug' enabled.
2021-10-29 14:16:50.390 ERROR 19316 --- [main] o.s.boot.SpringApplication               : Application run failed

org.springframework.context.ApplicationContextException: Unable to start web server; nested exception is org.springframework.context.ApplicationContextException: Unable to start ServletWebServerApplicationContext due to missing ServletWebServerFactory bean.
	at org.springframework.boot.web.servlet.context.ServletWebServerApplicationContext.onRefresh(ServletWebServerApplicationContext.java:163)
	at org.springframework.context.support.AbstractApplicationContext.refresh(AbstractApplicationContext.java:577)
	at org.springframework.boot.web.servlet.context.ServletWebServerApplicationContext.refresh(ServletWebServerApplicationContext.java:145)
	at org.springframework.boot.SpringApplication.refresh(SpringApplication.java:754)
	at org.springframework.boot.SpringApplication.refreshContext(SpringApplication.java:434)
	at org.springframework.boot.SpringApplication.run(SpringApplication.java:338)
	at org.springframework.boot.SpringApplication.run(SpringApplication.java:1343)
	at org.springframework.boot.SpringApplication.run(SpringApplication.java:1332)
	at com.cqu.lxh.client.ClientApplicationA.main(ClientApplication.java:10)
Caused by: org.springframework.context.ApplicationContextException: Unable to start ServletWebServerApplicationContext due to missing ServletWebServerFactory bean.
	at org.springframework.boot.web.servlet.context.ServletWebServerApplicationContext.getWebServerFactory(ServletWebServerApplicationContext.java:210)
	at org.springframework.boot.web.servlet.context.ServletWebServerApplicationContext.createWebServer(ServletWebServerApplicationContext.java:180)
	at org.springframework.boot.web.servlet.context.ServletWebServerApplicationContext.onRefresh(ServletWebServerApplicationContext.java:160)
	... 8 common frames omitted

2021-10-29 14:20:05.182  INFO 10148 --- [main] com.cqu.lxh.client.ClientApplicationA     : Starting ClientApplication using Java 11.0.6 on DESKTOP-VOT0E1P with PID 10148 (C:\Users\dell\Desktop\JAVA_qiyejiyingyong\experiments\Java_experiment1\lixinhao\clientA\target\classes started by dell in C:\Users\dell\Desktop\JAVA_qiyejiyingyong\experiments\Java_experiment1\lixinhao\clientA)
2021-10-29 14:20:05.187  INFO 10148 --- [main] com.cqu.lxh.client.ClientApplicationA     : No active profile set, falling back to default profiles: default
2021-10-29 14:20:06.022  WARN 10148 --- [main] ConfigServletWebServerApplicationContext : Exception encountered during context initialization - cancelling refresh attempt: org.springframework.context.ApplicationContextException: Unable to start web server; nested exception is org.springframework.context.ApplicationContextException: Unable to start ServletWebServerApplicationContext due to missing ServletWebServerFactory bean.
2021-10-29 14:20:06.027  INFO 10148 --- [main] ConditionEvaluationReportLoggingListener : 

Error starting ApplicationContext. To display the conditions report re-run your application with 'debug' enabled.
2021-10-29 14:20:06.057 ERROR 10148 --- [main] o.s.boot.SpringApplication               : Application run failed

org.springframework.context.ApplicationContextException: Unable to start web server; nested exception is org.springframework.context.ApplicationContextException: Unable to start ServletWebServerApplicationContext due to missing ServletWebServerFactory bean.
	at org.springframework.boot.web.servlet.context.ServletWebServerApplicationContext.onRefresh(ServletWebServerApplicationContext.java:163)
	at org.springframework.context.support.AbstractApplicationContext.refresh(AbstractApplicationContext.java:577)
	at org.springframework.boot.web.servlet.context.ServletWebServerApplicationContext.refresh(ServletWebServerApplicationContext.java:145)
	at org.springframework.boot.SpringApplication.refresh(SpringApplication.java:754)
	at org.springframework.boot.SpringApplication.refreshContext(SpringApplication.java:434)
	at org.springframework.boot.SpringApplication.run(SpringApplication.java:338)
	at org.springframework.boot.SpringApplication.run(SpringApplication.java:1343)
	at org.springframework.boot.SpringApplication.run(SpringApplication.java:1332)
	at com.cqu.lxh.client.ClientApplicationA.main(ClientApplication.java:15)
Caused by: org.springframework.context.ApplicationContextException: Unable to start ServletWebServerApplicationContext due to missing ServletWebServerFactory bean.
	at org.springframework.boot.web.servlet.context.ServletWebServerApplicationContext.getWebServerFactory(ServletWebServerApplicationContext.java:210)
	at org.springframework.boot.web.servlet.context.ServletWebServerApplicationContext.createWebServer(ServletWebServerApplicationContext.java:180)
	at org.springframework.boot.web.servlet.context.ServletWebServerApplicationContext.onRefresh(ServletWebServerApplicationContext.java:160)
	... 8 common frames omitted

2021-10-29 14:24:41.822  INFO 20328 --- [main] c.cqu.lxh.client.ClientApplicationTests  : Starting ClientApplicationTests using Java 11.0.6 on DESKTOP-VOT0E1P with PID 20328 (started by dell in C:\Users\dell\Desktop\JAVA_qiyejiyingyong\experiments\Java_experiment1\lixinhao\clientA)
2021-10-29 14:24:41.827  INFO 20328 --- [main] c.cqu.lxh.client.ClientApplicationTests  : No active profile set, falling back to default profiles: default
2021-10-29 14:24:43.667  INFO 20328 --- [main] c.cqu.lxh.client.ClientApplicationTests  : Started ClientApplicationTests in 2.343 seconds (JVM running for 3.634)
2021-10-29 14:26:04.967  INFO 1788 --- [main] com.cqu.lxh.client.ClientApplicationA     : Starting ClientApplication using Java 11.0.6 on DESKTOP-VOT0E1P with PID 1788 (C:\Users\dell\Desktop\JAVA_qiyejiyingyong\experiments\Java_experiment1\lixinhao\clientA\target\classes started by dell in C:\Users\dell\Desktop\JAVA_qiyejiyingyong\experiments\Java_experiment1\lixinhao\clientA)
2021-10-29 14:26:04.974  INFO 1788 --- [main] com.cqu.lxh.client.ClientApplicationA     : No active profile set, falling back to default profiles: default
2021-10-29 14:26:05.667  WARN 1788 --- [main] ConfigServletWebServerApplicationContext : Exception encountered during context initialization - cancelling refresh attempt: org.springframework.context.ApplicationContextException: Unable to start web server; nested exception is org.springframework.context.ApplicationContextException: Unable to start ServletWebServerApplicationContext due to missing ServletWebServerFactory bean.
2021-10-29 14:26:05.667  INFO 1788 --- [main] ConditionEvaluationReportLoggingListener : 

Error starting ApplicationContext. To display the conditions report re-run your application with 'debug' enabled.
2021-10-29 14:26:05.697 ERROR 1788 --- [main] o.s.boot.SpringApplication               : Application run failed

org.springframework.context.ApplicationContextException: Unable to start web server; nested exception is org.springframework.context.ApplicationContextException: Unable to start ServletWebServerApplicationContext due to missing ServletWebServerFactory bean.
	at org.springframework.boot.web.servlet.context.ServletWebServerApplicationContext.onRefresh(ServletWebServerApplicationContext.java:163)
	at org.springframework.context.support.AbstractApplicationContext.refresh(AbstractApplicationContext.java:577)
	at org.springframework.boot.web.servlet.context.ServletWebServerApplicationContext.refresh(ServletWebServerApplicationContext.java:145)
	at org.springframework.boot.SpringApplication.refresh(SpringApplication.java:754)
	at org.springframework.boot.SpringApplication.refreshContext(SpringApplication.java:434)
	at org.springframework.boot.SpringApplication.run(SpringApplication.java:338)
	at org.springframework.boot.SpringApplication.run(SpringApplication.java:1343)
	at org.springframework.boot.SpringApplication.run(SpringApplication.java:1332)
	at com.cqu.lxh.client.ClientApplicationA.main(ClientApplication.java:15)
Caused by: org.springframework.context.ApplicationContextException: Unable to start ServletWebServerApplicationContext due to missing ServletWebServerFactory bean.
	at org.springframework.boot.web.servlet.context.ServletWebServerApplicationContext.getWebServerFactory(ServletWebServerApplicationContext.java:210)
	at org.springframework.boot.web.servlet.context.ServletWebServerApplicationContext.createWebServer(ServletWebServerApplicationContext.java:180)
	at org.springframework.boot.web.servlet.context.ServletWebServerApplicationContext.onRefresh(ServletWebServerApplicationContext.java:160)
	... 8 common frames omitted

2021-10-29 14:26:34.082  INFO 19588 --- [main] c.cqu.lxh.client.ClientApplicationTests  : Starting ClientApplicationTests using Java 11.0.6 on DESKTOP-VOT0E1P with PID 19588 (started by dell in C:\Users\dell\Desktop\JAVA_qiyejiyingyong\experiments\Java_experiment1\lixinhao\clientA)
2021-10-29 14:26:34.087  INFO 19588 --- [main] c.cqu.lxh.client.ClientApplicationTests  : No active profile set, falling back to default profiles: default
2021-10-29 14:26:37.712  INFO 19588 --- [main] c.cqu.lxh.client.ClientApplicationTests  : Started ClientApplicationTests in 4.395 seconds (JVM running for 6.133)
2021-10-29 14:26:54.476  INFO 9928 --- [main] com.cqu.lxh.client.ClientApplicationA     : Starting ClientApplication using Java 11.0.6 on DESKTOP-VOT0E1P with PID 9928 (C:\Users\dell\Desktop\JAVA_qiyejiyingyong\experiments\Java_experiment1\lixinhao\clientA\target\classes started by dell in C:\Users\dell\Desktop\JAVA_qiyejiyingyong\experiments\Java_experiment1\lixinhao\clientA)
2021-10-29 14:26:54.482  INFO 9928 --- [main] com.cqu.lxh.client.ClientApplicationA     : No active profile set, falling back to default profiles: default
2021-10-29 14:26:55.417  INFO 9928 --- [main] o.s.b.w.embedded.tomcat.TomcatWebServer  : Tomcat initialized with port(s): 8088 (http)
2021-10-29 14:26:55.434  INFO 9928 --- [main] o.apache.catalina.core.StandardService   : Starting service [Tomcat]
2021-10-29 14:26:55.434  INFO 9928 --- [main] org.apache.catalina.core.StandardEngine  : Starting Servlet engine: [Apache Tomcat/9.0.54]
2021-10-29 14:26:55.512  INFO 9928 --- [main] o.a.c.c.C.[Tomcat].[localhost].[/]       : Initializing Spring embedded WebApplicationContext
2021-10-29 14:26:55.517  INFO 9928 --- [main] w.s.c.ServletWebServerApplicationContext : Root WebApplicationContext: initialization completed in 970 ms
2021-10-29 14:26:55.887  INFO 9928 --- [main] o.s.b.w.embedded.tomcat.TomcatWebServer  : Tomcat started on port(s): 8088 (http) with context path ''
2021-10-29 14:26:55.897  INFO 9928 --- [main] com.cqu.lxh.client.ClientApplicationA     : Started ClientApplication in 2.403 seconds (JVM running for 4.565)
2021-10-29 14:28:59.399  INFO 9928 --- [http-nio-8088-exec-1] o.a.c.c.C.[Tomcat].[localhost].[/]       : Initializing Spring DispatcherServlet 'dispatcherServlet'
2021-10-29 14:28:59.400  INFO 9928 --- [http-nio-8088-exec-1] o.s.web.servlet.DispatcherServlet        : Initializing Servlet 'dispatcherServlet'
2021-10-29 14:28:59.401  INFO 9928 --- [http-nio-8088-exec-1] o.s.web.servlet.DispatcherServlet        : Completed initialization in 1 ms
2021-10-29 14:32:48.345  INFO 19260 --- [main] com.cqu.lxh.client.ClientApplicationA     : Starting ClientApplication using Java 11.0.6 on DESKTOP-VOT0E1P with PID 19260 (C:\Users\dell\Desktop\JAVA_qiyejiyingyong\experiments\Java_experiment1\lixinhao\clientA\target\classes started by dell in C:\Users\dell\Desktop\JAVA_qiyejiyingyong\experiments\Java_experiment1\lixinhao\clientA)
2021-10-29 14:32:48.347  INFO 19260 --- [main] com.cqu.lxh.client.ClientApplicationA     : No active profile set, falling back to default profiles: default
2021-10-29 14:32:49.507  INFO 19260 --- [main] o.s.b.w.embedded.tomcat.TomcatWebServer  : Tomcat initialized with port(s): 8088 (http)
2021-10-29 14:32:49.522  INFO 19260 --- [main] o.apache.catalina.core.StandardService   : Starting service [Tomcat]
2021-10-29 14:32:49.522  INFO 19260 --- [main] org.apache.catalina.core.StandardEngine  : Starting Servlet engine: [Apache Tomcat/9.0.54]
2021-10-29 14:32:49.617  INFO 19260 --- [main] o.a.c.c.C.[Tomcat].[localhost].[/]       : Initializing Spring embedded WebApplicationContext
2021-10-29 14:32:49.617  INFO 19260 --- [main] w.s.c.ServletWebServerApplicationContext : Root WebApplicationContext: initialization completed in 1185 ms
2021-10-29 14:32:50.067  INFO 19260 --- [main] o.s.b.w.embedded.tomcat.TomcatWebServer  : Tomcat started on port(s): 8088 (http) with context path ''
2021-10-29 14:32:50.092  INFO 19260 --- [main] com.cqu.lxh.client.ClientApplicationA     : Started ClientApplication in 2.772 seconds (JVM running for 4.694)
2021-10-29 14:35:02.476  INFO 19260 --- [http-nio-8088-exec-1] o.a.c.c.C.[Tomcat].[localhost].[/]       : Initializing Spring DispatcherServlet 'dispatcherServlet'
2021-10-29 14:35:02.477  INFO 19260 --- [http-nio-8088-exec-1] o.s.web.servlet.DispatcherServlet        : Initializing Servlet 'dispatcherServlet'
2021-10-29 14:35:02.478  INFO 19260 --- [http-nio-8088-exec-1] o.s.web.servlet.DispatcherServlet        : Completed initialization in 0 ms
2021-10-29 14:35:03.379  WARN 19260 --- [http-nio-8088-exec-1] o.a.c.util.SessionIdGeneratorBase        : Creation of SecureRandom instance for session ID generation using [SHA1PRNG] took [877] milliseconds.
